Arguments: 
  /home/gabriel/.nvm/versions/node/v14.17.6/bin/node /home/gabriel/.yarn/bin/yarn.js init

PATH: 
  /home/gabriel/.yarn/bin:/home/gabriel/.config/yarn/global/node_modules/.bin:/home/gabriel/.nvm/versions/node/v14.17.6/bin:/home/gabriel/.zinit/polaris/bin:/home/gabriel/.local/bin:/usr/local/sbin:/usr/local/bin:/usr/sbin:/usr/bin:/sbin:/bin:/usr/games:/usr/local/games:/snap/bin:/home/gabriel/.dotnet/tools:/home/gabriel/Android/Sdk/emulator:/home/gabriel/Android/Sdk/tools:/home/gabriel/Android/Sdk/tools/bin:/home/gabriel/Android/Sdk/platform-tools:/home/gabriel/android-studio/bin:/home/gabriel/.local/bin

Yarn version: 
  1.22.15

Node version: 
  14.17.6

Platform: 
  linux x64

Trace: 
  Error: canceled
      at Interface.<anonymous> (/home/gabriel/.yarn/lib/cli.js:137145:13)
      at Interface.emit (events.js:400:28)
      at Interface._ttyWrite (readline.js:910:16)
      at ReadStream.onkeypress (readline.js:235:10)
      at ReadStream.emit (events.js:400:28)
      at emitKeys (internal/readline/utils.js:358:14)
      at emitKeys.next (<anonymous>)
      at ReadStream.onData (readline.js:1179:36)
      at ReadStream.emit (events.js:400:28)
      at addChunk (internal/streams/readable.js:290:12)

npm manifest: 
  No manifest

yarn manifest: 
  No manifest

Lockfile: 
  No lockfile
